2026-02-04 16:35:53.758 [main] INFO  e.s.proyecto.ProyectoAplicacion - Starting ProyectoAplicacion v0.0.1-SNAPSHOT using Java 25.0.1 with PID 1 (/app/app.jar started by root in /app)
2026-02-04 16:35:53.769 [main] INFO  e.s.proyecto.ProyectoAplicacion - No active profile set, falling back to 1 default profile: "default"
2026-02-04 16:35:59.386 [main] WARN  org.hibernate.orm.deprecation - HHH90000025: PostgreSQLDialect does not need to be specified explicitly using 'hibernate.dialect' (remove the property setting and it will be selected by default)
2026-02-04 16:35:59.724 [main] WARN  org.hibernate.orm.deprecation - HHH90000033: Encountered use of deprecated annotation [interface jakarta.persistence.Temporal] at edu.serviClick.proyecto.entidades.Suscripcion.fechaInicio.
2026-02-04 16:36:01.890 [main] WARN  o.s.b.j.a.JpaBaseConfiguration$JpaWebConfiguration - spring.jpa.open-in-view is enabled by default. Therefore, database queries may be performed during view rendering. Explicitly configure spring.jpa.open-in-view to disable this warning
2026-02-04 16:36:02.616 [main] INFO  e.s.proyecto.ProyectoAplicacion - Started ProyectoAplicacion in 10.055 seconds (process running for 11.09)
2026-02-04 17:09:47.097 [main] INFO  e.s.proyecto.ProyectoAplicacion - Starting ProyectoAplicacion v0.0.1-SNAPSHOT using Java 25.0.1 with PID 1 (/app/app.jar started by root in /app)
2026-02-04 17:09:47.107 [main] INFO  e.s.proyecto.ProyectoAplicacion - No active profile set, falling back to 1 default profile: "default"
2026-02-04 17:09:52.813 [main] WARN  org.hibernate.orm.deprecation - HHH90000025: PostgreSQLDialect does not need to be specified explicitly using 'hibernate.dialect' (remove the property setting and it will be selected by default)
2026-02-04 17:09:53.164 [main] WARN  org.hibernate.orm.deprecation - HHH90000033: Encountered use of deprecated annotation [interface jakarta.persistence.Temporal] at edu.serviClick.proyecto.entidades.Suscripcion.fechaInicio.
2026-02-04 17:09:54.403 [main] WARN  org.hibernate.orm.jdbc.warn - HHH000247: ErrorCode: 0, SQLState: 00000
2026-02-04 17:09:54.406 [main] WARN  org.hibernate.orm.jdbc.warn - constraint "uk9yu9860k3cjx0jpqom7q3eba6" of relation "suscripciones" does not exist, skipping
2026-02-04 17:09:54.424 [main] WARN  org.hibernate.orm.jdbc.warn - HHH000247: ErrorCode: 0, SQLState: 00000
2026-02-04 17:09:54.426 [main] WARN  org.hibernate.orm.jdbc.warn - constraint "uk2uukwjdkbxrtwaobguca9tcpa" of relation "usuarios" does not exist, skipping
2026-02-04 17:09:55.428 [main] WARN  o.s.b.j.a.JpaBaseConfiguration$JpaWebConfiguration - spring.jpa.open-in-view is enabled by default. Therefore, database queries may be performed during view rendering. Explicitly configure spring.jpa.open-in-view to disable this warning
2026-02-04 17:09:56.080 [main] INFO  e.s.proyecto.ProyectoAplicacion - Started ProyectoAplicacion in 10.327 seconds (process running for 11.564)
2026-02-04 18:02:47.478 [http-nio-8080-exec-4] WARN  o.s.w.s.m.s.DefaultHandlerExceptionResolver - Resolved [org.springframework.web.HttpRequestMethodNotSupportedException: Request method 'GET' is not supported]
2026-02-04 18:02:52.666 [http-nio-8080-exec-3] WARN  o.s.w.s.m.s.DefaultHandlerExceptionResolver - Resolved [org.springframework.web.HttpRequestMethodNotSupportedException: Request method 'GET' is not supported]
2026-02-04 18:17:43.413 [main] INFO  e.s.proyecto.ProyectoAplicacion - Starting ProyectoAplicacion v0.0.1-SNAPSHOT using Java 25.0.1 with PID 1 (/app/app.jar started by root in /app)
2026-02-04 18:17:43.425 [main] INFO  e.s.proyecto.ProyectoAplicacion - No active profile set, falling back to 1 default profile: "default"
2026-02-04 18:17:49.195 [main] WARN  org.hibernate.orm.deprecation - HHH90000025: PostgreSQLDialect does not need to be specified explicitly using 'hibernate.dialect' (remove the property setting and it will be selected by default)
2026-02-04 18:17:49.582 [main] WARN  org.hibernate.orm.deprecation - HHH90000033: Encountered use of deprecated annotation [interface jakarta.persistence.Temporal] at edu.serviClick.proyecto.entidades.Suscripcion.fechaInicio.
2026-02-04 18:17:51.197 [main] WARN  org.hibernate.orm.jdbc.warn - HHH000247: ErrorCode: 0, SQLState: 00000
2026-02-04 18:17:51.197 [main] WARN  org.hibernate.orm.jdbc.warn - constraint "uk9yu9860k3cjx0jpqom7q3eba6" of relation "suscripciones" does not exist, skipping
2026-02-04 18:17:51.206 [main] WARN  org.hibernate.orm.jdbc.warn - HHH000247: ErrorCode: 0, SQLState: 00000
2026-02-04 18:17:51.207 [main] WARN  org.hibernate.orm.jdbc.warn - constraint "uk2uukwjdkbxrtwaobguca9tcpa" of relation "usuarios" does not exist, skipping
2026-02-04 18:17:51.918 [main] WARN  o.s.b.j.a.JpaBaseConfiguration$JpaWebConfiguration - spring.jpa.open-in-view is enabled by default. Therefore, database queries may be performed during view rendering. Explicitly configure spring.jpa.open-in-view to disable this warning
2026-02-04 18:17:52.559 [main] INFO  e.s.proyecto.ProyectoAplicacion - Started ProyectoAplicacion in 10.551 seconds (process running for 12.043)
2026-02-04 18:53:59.791 [main] INFO  e.s.proyecto.ProyectoAplicacion - Starting ProyectoAplicacion v0.0.1-SNAPSHOT using Java 25.0.1 with PID 1 (/app/app.jar started by root in /app)
2026-02-04 18:53:59.803 [main] INFO  e.s.proyecto.ProyectoAplicacion - No active profile set, falling back to 1 default profile: "default"
2026-02-04 18:54:05.592 [main] WARN  org.hibernate.orm.deprecation - HHH90000025: PostgreSQLDialect does not need to be specified explicitly using 'hibernate.dialect' (remove the property setting and it will be selected by default)
2026-02-04 18:54:05.928 [main] WARN  org.hibernate.orm.deprecation - HHH90000033: Encountered use of deprecated annotation [interface jakarta.persistence.Temporal] at edu.serviClick.proyecto.entidades.Suscripcion.fechaInicio.
2026-02-04 18:54:08.338 [main] WARN  o.s.b.j.a.JpaBaseConfiguration$JpaWebConfiguration - spring.jpa.open-in-view is enabled by default. Therefore, database queries may be performed during view rendering. Explicitly configure spring.jpa.open-in-view to disable this warning
2026-02-04 18:54:09.102 [main] INFO  e.s.proyecto.ProyectoAplicacion - Started ProyectoAplicacion in 10.675 seconds (process running for 11.823)
2026-02-04 18:55:12.286 [http-nio-8080-exec-6] INFO  e.s.p.c.ContratacionControlador - Solicitud de nueva contratación. ClienteID: 1, ServicioID: 3
2026-02-04 18:55:12.374 [http-nio-8080-exec-6] INFO  e.s.p.c.ContratacionControlador - Contratación creada exitosamente con ID: 2
2026-02-04 19:08:00.311 [http-nio-8080-exec-2] INFO  e.s.p.c.ContratacionControlador - Solicitud de nueva contratación. ClienteID: 3, ServicioID: 1
2026-02-04 19:08:00.327 [http-nio-8080-exec-2] INFO  e.s.p.c.ContratacionControlador - Contratación creada exitosamente con ID: 3
2026-02-04 19:09:36.345 [main] INFO  e.s.proyecto.ProyectoAplicacion - Starting ProyectoAplicacion v0.0.1-SNAPSHOT using Java 25.0.1 with PID 1 (/app/app.jar started by root in /app)
2026-02-04 19:09:36.354 [main] INFO  e.s.proyecto.ProyectoAplicacion - No active profile set, falling back to 1 default profile: "default"
2026-02-04 19:09:42.113 [main] WARN  org.hibernate.orm.deprecation - HHH90000025: PostgreSQLDialect does not need to be specified explicitly using 'hibernate.dialect' (remove the property setting and it will be selected by default)
2026-02-04 19:09:42.456 [main] WARN  org.hibernate.orm.deprecation - HHH90000033: Encountered use of deprecated annotation [interface jakarta.persistence.Temporal] at edu.serviClick.proyecto.entidades.Suscripcion.fechaInicio.
2026-02-04 19:09:44.681 [main] WARN  o.s.b.j.a.JpaBaseConfiguration$JpaWebConfiguration - spring.jpa.open-in-view is enabled by default. Therefore, database queries may be performed during view rendering. Explicitly configure spring.jpa.open-in-view to disable this warning
2026-02-04 19:09:45.336 [main] INFO  e.s.proyecto.ProyectoAplicacion - Started ProyectoAplicacion in 10.284 seconds (process running for 11.429)
2026-02-04 19:12:19.040 [http-nio-8080-exec-10] INFO  e.s.p.servicios.ResenaServicio - Eliminando reseña con ID: 1
2026-02-04 19:14:08.324 [http-nio-8080-exec-9] INFO  e.s.p.c.ContratacionControlador - Solicitud de nueva contratación. ClienteID: 3, ServicioID: 1
2026-02-04 19:14:08.363 [http-nio-8080-exec-9] INFO  e.s.p.c.ContratacionControlador - Contratación creada exitosamente con ID: 4
2026-02-04 20:18:06.361 [main] INFO  e.s.proyecto.ProyectoAplicacion - Starting ProyectoAplicacion v0.0.1-SNAPSHOT using Java 25.0.1 with PID 1 (/app/app.jar started by root in /app)
2026-02-04 20:18:06.372 [main] INFO  e.s.proyecto.ProyectoAplicacion - No active profile set, falling back to 1 default profile: "default"
2026-02-04 20:18:11.623 [main] WARN  org.hibernate.orm.deprecation - HHH90000025: PostgreSQLDialect does not need to be specified explicitly using 'hibernate.dialect' (remove the property setting and it will be selected by default)
2026-02-04 20:18:11.942 [main] WARN  org.hibernate.orm.deprecation - HHH90000033: Encountered use of deprecated annotation [interface jakarta.persistence.Temporal] at edu.serviClick.proyecto.entidades.Suscripcion.fechaInicio.
2026-02-04 20:18:13.791 [main] WARN  o.s.b.j.a.JpaBaseConfiguration$JpaWebConfiguration - spring.jpa.open-in-view is enabled by default. Therefore, database queries may be performed during view rendering. Explicitly configure spring.jpa.open-in-view to disable this warning
2026-02-04 20:18:14.746 [main] INFO  e.s.proyecto.ProyectoAplicacion - Started ProyectoAplicacion in 9.629 seconds (process running for 10.757)
2026-02-04 20:31:30.837 [main] INFO  e.s.proyecto.ProyectoAplicacion - Starting ProyectoAplicacion v0.0.1-SNAPSHOT using Java 25.0.1 with PID 1 (/app/app.jar started by root in /app)
2026-02-04 20:31:30.852 [main] INFO  e.s.proyecto.ProyectoAplicacion - No active profile set, falling back to 1 default profile: "default"
2026-02-04 20:31:36.932 [main] WARN  org.hibernate.orm.deprecation - HHH90000025: PostgreSQLDialect does not need to be specified explicitly using 'hibernate.dialect' (remove the property setting and it will be selected by default)
2026-02-04 20:31:37.330 [main] WARN  org.hibernate.orm.deprecation - HHH90000033: Encountered use of deprecated annotation [interface jakarta.persistence.Temporal] at edu.serviClick.proyecto.entidades.Suscripcion.fechaInicio.
2026-02-04 20:31:39.742 [main] WARN  o.s.b.j.a.JpaBaseConfiguration$JpaWebConfiguration - spring.jpa.open-in-view is enabled by default. Therefore, database queries may be performed during view rendering. Explicitly configure spring.jpa.open-in-view to disable this warning
2026-02-04 20:31:40.480 [main] INFO  e.s.proyecto.ProyectoAplicacion - Started ProyectoAplicacion in 11.08 seconds (process running for 12.574)
2026-02-04 21:21:12.216 [main] INFO  e.s.proyecto.ProyectoAplicacion - Starting ProyectoAplicacion v0.0.1-SNAPSHOT using Java 25.0.1 with PID 1 (/app/app.jar started by root in /app)
2026-02-04 21:21:12.228 [main] INFO  e.s.proyecto.ProyectoAplicacion - No active profile set, falling back to 1 default profile: "default"
2026-02-04 21:21:17.739 [main] WARN  org.hibernate.orm.deprecation - HHH90000025: PostgreSQLDialect does not need to be specified explicitly using 'hibernate.dialect' (remove the property setting and it will be selected by default)
2026-02-04 21:21:18.097 [main] WARN  org.hibernate.orm.deprecation - HHH90000033: Encountered use of deprecated annotation [interface jakarta.persistence.Temporal] at edu.serviClick.proyecto.entidades.Suscripcion.fechaInicio.
2026-02-04 21:21:20.365 [main] WARN  o.s.b.j.a.JpaBaseConfiguration$JpaWebConfiguration - spring.jpa.open-in-view is enabled by default. Therefore, database queries may be performed during view rendering. Explicitly configure spring.jpa.open-in-view to disable this warning
2026-02-04 21:21:21.043 [main] INFO  e.s.proyecto.ProyectoAplicacion - Started ProyectoAplicacion in 10.091 seconds (process running for 11.429)
2026-02-04 21:23:31.400 [main] INFO  e.s.proyecto.ProyectoAplicacion - Starting ProyectoAplicacion v0.0.1-SNAPSHOT using Java 25.0.1 with PID 1 (/app/app.jar started by root in /app)
2026-02-04 21:23:31.410 [main] INFO  e.s.proyecto.ProyectoAplicacion - No active profile set, falling back to 1 default profile: "default"
2026-02-04 21:23:36.636 [main] WARN  org.hibernate.orm.deprecation - HHH90000025: PostgreSQLDialect does not need to be specified explicitly using 'hibernate.dialect' (remove the property setting and it will be selected by default)
2026-02-04 21:23:37.006 [main] WARN  org.hibernate.orm.deprecation - HHH90000033: Encountered use of deprecated annotation [interface jakarta.persistence.Temporal] at edu.serviClick.proyecto.entidades.Suscripcion.fechaInicio.
2026-02-04 21:23:38.205 [main] WARN  org.hibernate.orm.jdbc.warn - HHH000247: ErrorCode: 0, SQLState: 00000
2026-02-04 21:23:38.206 [main] WARN  org.hibernate.orm.jdbc.warn - constraint "uk9yu9860k3cjx0jpqom7q3eba6" of relation "suscripciones" does not exist, skipping
2026-02-04 21:23:38.215 [main] WARN  org.hibernate.orm.jdbc.warn - HHH000247: ErrorCode: 0, SQLState: 00000
2026-02-04 21:23:38.216 [main] WARN  org.hibernate.orm.jdbc.warn - constraint "uk2uukwjdkbxrtwaobguca9tcpa" of relation "usuarios" does not exist, skipping
2026-02-04 21:23:38.894 [main] WARN  o.s.b.j.a.JpaBaseConfiguration$JpaWebConfiguration - spring.jpa.open-in-view is enabled by default. Therefore, database queries may be performed during view rendering. Explicitly configure spring.jpa.open-in-view to disable this warning
2026-02-04 21:23:39.754 [main] INFO  e.s.proyecto.ProyectoAplicacion - Started ProyectoAplicacion in 9.669 seconds (process running for 10.754)
2026-02-04 21:26:01.055 [http-nio-8080-exec-3] INFO  e.s.p.servicios.ServiciosService - Servicio actualizado: 'Reparaciones de Fontanería' (ID: 1)
2026-02-04 21:26:28.966 [http-nio-8080-exec-10] INFO  e.s.p.servicios.ServiciosService - Servicio actualizado: 'Reparaciones de Fontanería' (ID: 1)
2026-02-04 21:28:02.546 [http-nio-8080-exec-3] INFO  e.s.p.servicios.ServiciosService - Servicio actualizado: 'Reparaciones de Fontanería' (ID: 1)
2026-02-04 21:31:03.823 [main] INFO  e.s.proyecto.ProyectoAplicacion - Starting ProyectoAplicacion v0.0.1-SNAPSHOT using Java 25.0.1 with PID 1 (/app/app.jar started by root in /app)
2026-02-04 21:31:03.836 [main] INFO  e.s.proyecto.ProyectoAplicacion - No active profile set, falling back to 1 default profile: "default"
2026-02-04 21:31:08.737 [main] WARN  org.hibernate.orm.deprecation - HHH90000025: PostgreSQLDialect does not need to be specified explicitly using 'hibernate.dialect' (remove the property setting and it will be selected by default)
2026-02-04 21:31:09.058 [main] WARN  org.hibernate.orm.deprecation - HHH90000033: Encountered use of deprecated annotation [interface jakarta.persistence.Temporal] at edu.serviClick.proyecto.entidades.Suscripcion.fechaInicio.
2026-02-04 21:31:10.191 [main] WARN  org.hibernate.orm.jdbc.warn - HHH000247: ErrorCode: 0, SQLState: 00000
2026-02-04 21:31:10.192 [main] WARN  org.hibernate.orm.jdbc.warn - constraint "uk9yu9860k3cjx0jpqom7q3eba6" of relation "suscripciones" does not exist, skipping
2026-02-04 21:31:10.200 [main] WARN  org.hibernate.orm.jdbc.warn - HHH000247: ErrorCode: 0, SQLState: 00000
2026-02-04 21:31:10.201 [main] WARN  org.hibernate.orm.jdbc.warn - constraint "uk2uukwjdkbxrtwaobguca9tcpa" of relation "usuarios" does not exist, skipping
2026-02-04 21:31:10.813 [main] WARN  o.s.b.j.a.JpaBaseConfiguration$JpaWebConfiguration - spring.jpa.open-in-view is enabled by default. Therefore, database queries may be performed during view rendering. Explicitly configure spring.jpa.open-in-view to disable this warning
2026-02-04 21:31:11.643 [main] INFO  e.s.proyecto.ProyectoAplicacion - Started ProyectoAplicacion in 9.162 seconds (process running for 10.245)
2026-02-05 07:23:00.977 [main] INFO  e.s.proyecto.ProyectoAplicacion - Starting ProyectoAplicacion v0.0.1-SNAPSHOT using Java 25.0.1 with PID 1 (/app/app.jar started by root in /app)
2026-02-05 07:23:01.001 [main] INFO  e.s.proyecto.ProyectoAplicacion - No active profile set, falling back to 1 default profile: "default"
2026-02-05 07:23:06.153 [main] WARN  org.hibernate.orm.deprecation - HHH90000025: PostgreSQLDialect does not need to be specified explicitly using 'hibernate.dialect' (remove the property setting and it will be selected by default)
2026-02-05 07:23:06.434 [main] WARN  org.hibernate.orm.deprecation - HHH90000033: Encountered use of deprecated annotation [interface jakarta.persistence.Temporal] at edu.serviClick.proyecto.entidades.Suscripcion.fechaInicio.
2026-02-05 07:23:08.994 [main] WARN  o.s.b.j.a.JpaBaseConfiguration$JpaWebConfiguration - spring.jpa.open-in-view is enabled by default. Therefore, database queries may be performed during view rendering. Explicitly configure spring.jpa.open-in-view to disable this warning
2026-02-05 07:23:09.501 [main] INFO  e.s.proyecto.ProyectoAplicacion - Started ProyectoAplicacion in 9.615 seconds (process running for 11.116)
2026-02-05 07:24:47.171 [main] INFO  e.s.proyecto.ProyectoAplicacion - Starting ProyectoAplicacion v0.0.1-SNAPSHOT using Java 25.0.1 with PID 1 (/app/app.jar started by root in /app)
2026-02-05 07:24:47.185 [main] INFO  e.s.proyecto.ProyectoAplicacion - No active profile set, falling back to 1 default profile: "default"
2026-02-05 07:24:52.560 [main] WARN  org.hibernate.orm.deprecation - HHH90000025: PostgreSQLDialect does not need to be specified explicitly using 'hibernate.dialect' (remove the property setting and it will be selected by default)
2026-02-05 07:24:52.822 [main] WARN  org.hibernate.orm.deprecation - HHH90000033: Encountered use of deprecated annotation [interface jakarta.persistence.Temporal] at edu.serviClick.proyecto.entidades.Suscripcion.fechaInicio.
2026-02-05 07:24:54.926 [main] WARN  o.s.b.j.a.JpaBaseConfiguration$JpaWebConfiguration - spring.jpa.open-in-view is enabled by default. Therefore, database queries may be performed during view rendering. Explicitly configure spring.jpa.open-in-view to disable this warning
2026-02-05 07:24:55.866 [main] INFO  e.s.proyecto.ProyectoAplicacion - Started ProyectoAplicacion in 10.233 seconds (process running for 11.248)
2026-02-05 07:28:21.767 [main] INFO  e.s.proyecto.ProyectoAplicacion - Starting ProyectoAplicacion v0.0.1-SNAPSHOT using Java 25.0.1 with PID 1 (/app/app.jar started by root in /app)
2026-02-05 07:28:21.782 [main] INFO  e.s.proyecto.ProyectoAplicacion - No active profile set, falling back to 1 default profile: "default"
2026-02-05 07:28:27.178 [main] WARN  org.hibernate.orm.deprecation - HHH90000025: PostgreSQLDialect does not need to be specified explicitly using 'hibernate.dialect' (remove the property setting and it will be selected by default)
2026-02-05 07:28:27.484 [main] WARN  org.hibernate.orm.deprecation - HHH90000033: Encountered use of deprecated annotation [interface jakarta.persistence.Temporal] at edu.serviClick.proyecto.entidades.Suscripcion.fechaInicio.
2026-02-05 07:28:29.153 [main] WARN  org.hibernate.orm.jdbc.warn - HHH000247: ErrorCode: 0, SQLState: 00000
2026-02-05 07:28:29.165 [main] WARN  org.hibernate.orm.jdbc.warn - constraint "uk9yu9860k3cjx0jpqom7q3eba6" of relation "suscripciones" does not exist, skipping
2026-02-05 07:28:29.202 [main] WARN  org.hibernate.orm.jdbc.warn - HHH000247: ErrorCode: 0, SQLState: 00000
2026-02-05 07:28:29.212 [main] WARN  org.hibernate.orm.jdbc.warn - constraint "uk2uukwjdkbxrtwaobguca9tcpa" of relation "usuarios" does not exist, skipping
2026-02-05 07:28:30.101 [main] WARN  o.s.b.j.a.JpaBaseConfiguration$JpaWebConfiguration - spring.jpa.open-in-view is enabled by default. Therefore, database queries may be performed during view rendering. Explicitly configure spring.jpa.open-in-view to disable this warning
2026-02-05 07:28:30.703 [main] INFO  e.s.proyecto.ProyectoAplicacion - Started ProyectoAplicacion in 10.645 seconds (process running for 11.933)
2026-02-05 07:29:20.389 [http-nio-8080-exec-9] INFO  e.s.p.servicios.ServiciosService - Servicio actualizado: 'Reparaciones de Fontanería Express' (ID: 1)
2026-02-05 07:29:49.406 [http-nio-8080-exec-4] INFO  e.s.p.servicios.ResenaServicio - Nueva reseña creada (ID: 2) para Servicio ID: 1 por Usuario: profesional@ejemplo.com
2026-02-05 07:30:11.713 [http-nio-8080-exec-8] INFO  e.s.p.servicios.ResenaServicio - Nueva reseña creada (ID: 3) para Servicio ID: 1 por Usuario: profesional@ejemplo.com
2026-02-05 07:30:43.023 [http-nio-8080-exec-2] INFO  e.s.p.servicios.ResenaServicio - Nueva reseña creada (ID: 4) para Servicio ID: 1 por Usuario: profesional@ejemplo.com
2026-02-05 07:31:37.655 [http-nio-8080-exec-1] INFO  e.s.p.servicios.ResenaServicio - Eliminando reseña con ID: 2
2026-02-05 07:31:43.717 [http-nio-8080-exec-5] INFO  e.s.p.servicios.ResenaServicio - Eliminando reseña con ID: 3
2026-02-05 07:31:47.462 [http-nio-8080-exec-9] INFO  e.s.p.servicios.ResenaServicio - Eliminando reseña con ID: 4
2026-02-05 07:32:24.429 [http-nio-8080-exec-6] INFO  e.s.p.servicios.SuscripcionServicio - Usuario ID: 2 iniciando contratación/cambio de plan a: Pack Desplazamiento
2026-02-05 07:32:24.442 [http-nio-8080-exec-6] INFO  e.s.p.servicios.SuscripcionServicio - Usuario ID: 2 cambiando plan actual (PROFESIONAL) a Pack Desplazamiento
2026-02-05 07:32:24.451 [http-nio-8080-exec-6] INFO  e.s.p.servicios.SuscripcionServicio - Éxito: Cambio de plan completada para usuario ID: 2. Plan: Pack Desplazamiento
2026-02-05 07:48:22.786 [http-nio-8080-exec-8] INFO  e.s.p.servicios.UsuarioServicio - Iniciando registro de nuevo usuario: fdomnez53@gmail.com
2026-02-05 07:48:22.883 [http-nio-8080-exec-8] INFO  e.s.p.servicios.UsuarioServicio - Usuario registrado exitosamente en BD (Pendiente de activación): 4
2026-02-05 07:48:25.517 [http-nio-8080-exec-8] INFO  e.s.p.servicios.UsuarioServicio - Correo de confirmación enviado a: fdomnez53@gmail.com
2026-02-05 07:49:45.078 [http-nio-8080-exec-9] INFO  e.s.p.c.ContratacionControlador - Solicitud de nueva contratación. ClienteID: 4, ServicioID: 3
2026-02-05 07:49:45.089 [http-nio-8080-exec-9] INFO  e.s.p.c.ContratacionControlador - Contratación creada exitosamente con ID: 2
2026-02-05 07:52:10.675 [http-nio-8080-exec-4] INFO  e.s.p.servicios.UsuarioServicio - Intento de actualización de perfil para usuario ID: 4
2026-02-05 07:52:10.768 [http-nio-8080-exec-4] INFO  e.s.p.servicios.UsuarioServicio - Perfil actualizado exitosamente para usuario ID: 4
2026-02-05 07:52:22.704 [http-nio-8080-exec-5] INFO  e.s.p.servicios.UsuarioServicio - Intento de actualización de perfil para usuario ID: 4
2026-02-05 07:52:22.801 [http-nio-8080-exec-5] INFO  e.s.p.servicios.UsuarioServicio - Perfil actualizado exitosamente para usuario ID: 4
2026-02-05 07:52:54.955 [http-nio-8080-exec-1] INFO  e.s.p.servicios.SuscripcionServicio - Usuario ID: 4 iniciando contratación/cambio de plan a: Pack Desplazamiento
2026-02-05 07:52:54.989 [http-nio-8080-exec-1] INFO  e.s.p.servicios.SuscripcionServicio - Éxito: Nueva contratación completada para usuario ID: 4. Plan: Pack Desplazamiento
2026-02-05 08:17:06.174 [main] INFO  e.s.proyecto.ProyectoAplicacion - Starting ProyectoAplicacion v0.0.1-SNAPSHOT using Java 25.0.1 with PID 1 (/app/app.jar started by root in /app)
2026-02-05 08:17:06.192 [main] INFO  e.s.proyecto.ProyectoAplicacion - No active profile set, falling back to 1 default profile: "default"
2026-02-05 08:17:12.279 [main] WARN  org.hibernate.orm.deprecation - HHH90000025: PostgreSQLDialect does not need to be specified explicitly using 'hibernate.dialect' (remove the property setting and it will be selected by default)
2026-02-05 08:17:12.568 [main] WARN  org.hibernate.orm.deprecation - HHH90000033: Encountered use of deprecated annotation [interface jakarta.persistence.Temporal] at edu.serviClick.proyecto.entidades.Suscripcion.fechaInicio.
2026-02-05 08:17:14.626 [main] WARN  o.s.b.j.a.JpaBaseConfiguration$JpaWebConfiguration - spring.jpa.open-in-view is enabled by default. Therefore, database queries may be performed during view rendering. Explicitly configure spring.jpa.open-in-view to disable this warning
2026-02-05 08:17:15.127 [main] INFO  e.s.proyecto.ProyectoAplicacion - Started ProyectoAplicacion in 10.153 seconds (process running for 12.391)
2026-02-05 08:36:51.428 [main] INFO  e.s.proyecto.ProyectoAplicacion - Starting ProyectoAplicacion v0.0.1-SNAPSHOT using Java 25.0.1 with PID 1 (/app/app.jar started by root in /app)
2026-02-05 08:36:51.441 [main] INFO  e.s.proyecto.ProyectoAplicacion - No active profile set, falling back to 1 default profile: "default"
2026-02-05 08:36:58.008 [main] WARN  org.hibernate.orm.deprecation - HHH90000025: PostgreSQLDialect does not need to be specified explicitly using 'hibernate.dialect' (remove the property setting and it will be selected by default)
2026-02-05 08:36:58.309 [main] WARN  org.hibernate.orm.deprecation - HHH90000033: Encountered use of deprecated annotation [interface jakarta.persistence.Temporal] at edu.serviClick.proyecto.entidades.Suscripcion.fechaInicio.
2026-02-05 08:37:00.183 [main] WARN  o.s.b.j.a.JpaBaseConfiguration$JpaWebConfiguration - spring.jpa.open-in-view is enabled by default. Therefore, database queries may be performed during view rendering. Explicitly configure spring.jpa.open-in-view to disable this warning
2026-02-05 08:37:00.716 [main] INFO  e.s.proyecto.ProyectoAplicacion - Started ProyectoAplicacion in 10.706 seconds (process running for 12.777)
2026-02-05 08:39:52.963 [http-nio-8080-exec-8] INFO  e.s.p.servicios.ServiciosService - Nuevo servicio publicado: 'asdasdasdasdasd' (ID: 4) por Usuario ID: 3
2026-02-05 08:42:45.406 [main] INFO  e.s.proyecto.ProyectoAplicacion - Starting ProyectoAplicacion v0.0.1-SNAPSHOT using Java 25.0.1 with PID 1 (/app/app.jar started by root in /app)
2026-02-05 08:42:45.420 [main] INFO  e.s.proyecto.ProyectoAplicacion - No active profile set, falling back to 1 default profile: "default"
2026-02-05 08:42:51.335 [main] WARN  org.hibernate.orm.deprecation - HHH90000025: PostgreSQLDialect does not need to be specified explicitly using 'hibernate.dialect' (remove the property setting and it will be selected by default)
2026-02-05 08:42:51.622 [main] WARN  org.hibernate.orm.deprecation - HHH90000033: Encountered use of deprecated annotation [interface jakarta.persistence.Temporal] at edu.serviClick.proyecto.entidades.Suscripcion.fechaInicio.
2026-02-05 08:42:53.680 [main] WARN  o.s.b.j.a.JpaBaseConfiguration$JpaWebConfiguration - spring.jpa.open-in-view is enabled by default. Therefore, database queries may be performed during view rendering. Explicitly configure spring.jpa.open-in-view to disable this warning
2026-02-05 08:42:54.169 [main] INFO  e.s.proyecto.ProyectoAplicacion - Started ProyectoAplicacion in 10.05 seconds (process running for 12.154)
2026-02-05 08:47:57.400 [main] INFO  e.s.proyecto.ProyectoAplicacion - Starting ProyectoAplicacion v0.0.1-SNAPSHOT using Java 25.0.1 with PID 1 (/app/app.jar started by root in /app)
2026-02-05 08:47:57.418 [main] INFO  e.s.proyecto.ProyectoAplicacion - No active profile set, falling back to 1 default profile: "default"
2026-02-05 08:48:03.998 [main] WARN  org.hibernate.orm.deprecation - HHH90000025: PostgreSQLDialect does not need to be specified explicitly using 'hibernate.dialect' (remove the property setting and it will be selected by default)
2026-02-05 08:48:04.310 [main] WARN  org.hibernate.orm.deprecation - HHH90000033: Encountered use of deprecated annotation [interface jakarta.persistence.Temporal] at edu.serviClick.proyecto.entidades.Suscripcion.fechaInicio.
2026-02-05 08:48:06.311 [main] WARN  o.s.b.j.a.JpaBaseConfiguration$JpaWebConfiguration - spring.jpa.open-in-view is enabled by default. Therefore, database queries may be performed during view rendering. Explicitly configure spring.jpa.open-in-view to disable this warning
2026-02-05 08:48:06.921 [main] INFO  e.s.proyecto.ProyectoAplicacion - Started ProyectoAplicacion in 11.287 seconds (process running for 14.163)
2026-02-05 08:52:15.786 [main] INFO  e.s.proyecto.ProyectoAplicacion - Starting ProyectoAplicacion v0.0.1-SNAPSHOT using Java 25.0.1 with PID 1 (/app/app.jar started by root in /app)
2026-02-05 08:52:15.798 [main] INFO  e.s.proyecto.ProyectoAplicacion - No active profile set, falling back to 1 default profile: "default"
2026-02-05 08:52:21.495 [main] WARN  org.hibernate.orm.deprecation - HHH90000025: PostgreSQLDialect does not need to be specified explicitly using 'hibernate.dialect' (remove the property setting and it will be selected by default)
2026-02-05 08:52:21.799 [main] WARN  org.hibernate.orm.deprecation - HHH90000033: Encountered use of deprecated annotation [interface jakarta.persistence.Temporal] at edu.serviClick.proyecto.entidades.Suscripcion.fechaInicio.
2026-02-05 08:52:23.870 [main] WARN  o.s.b.j.a.JpaBaseConfiguration$JpaWebConfiguration - spring.jpa.open-in-view is enabled by default. Therefore, database queries may be performed during view rendering. Explicitly configure spring.jpa.open-in-view to disable this warning
2026-02-05 08:52:24.382 [main] INFO  e.s.proyecto.ProyectoAplicacion - Started ProyectoAplicacion in 9.902 seconds (process running for 12.014)
2026-02-05 08:54:08.606 [main] INFO  e.s.proyecto.ProyectoAplicacion - Starting ProyectoAplicacion v0.0.1-SNAPSHOT using Java 25.0.1 with PID 1 (/app/app.jar started by root in /app)
2026-02-05 08:54:08.620 [main] INFO  e.s.proyecto.ProyectoAplicacion - No active profile set, falling back to 1 default profile: "default"
2026-02-05 08:54:14.480 [main] WARN  org.hibernate.orm.deprecation - HHH90000025: PostgreSQLDialect does not need to be specified explicitly using 'hibernate.dialect' (remove the property setting and it will be selected by default)
2026-02-05 08:54:14.754 [main] WARN  org.hibernate.orm.deprecation - HHH90000033: Encountered use of deprecated annotation [interface jakarta.persistence.Temporal] at edu.serviClick.proyecto.entidades.Suscripcion.fechaInicio.
2026-02-05 08:54:16.889 [main] WARN  o.s.b.j.a.JpaBaseConfiguration$JpaWebConfiguration - spring.jpa.open-in-view is enabled by default. Therefore, database queries may be performed during view rendering. Explicitly configure spring.jpa.open-in-view to disable this warning
2026-02-05 08:54:17.431 [main] INFO  e.s.proyecto.ProyectoAplicacion - Started ProyectoAplicacion in 10.176 seconds (process running for 12.259)
2026-02-05 08:59:27.611 [main] INFO  e.s.proyecto.ProyectoAplicacion - Starting ProyectoAplicacion v0.0.1-SNAPSHOT using Java 25.0.1 with PID 1 (/app/app.jar started by root in /app)
2026-02-05 08:59:27.633 [main] INFO  e.s.proyecto.ProyectoAplicacion - No active profile set, falling back to 1 default profile: "default"
2026-02-05 08:59:33.115 [main] WARN  org.hibernate.orm.deprecation - HHH90000025: PostgreSQLDialect does not need to be specified explicitly using 'hibernate.dialect' (remove the property setting and it will be selected by default)
2026-02-05 08:59:33.397 [main] WARN  org.hibernate.orm.deprecation - HHH90000033: Encountered use of deprecated annotation [interface jakarta.persistence.Temporal] at edu.serviClick.proyecto.entidades.Suscripcion.fechaInicio.
2026-02-05 08:59:34.904 [main] WARN  org.hibernate.orm.jdbc.warn - HHH000247: ErrorCode: 0, SQLState: 00000
2026-02-05 08:59:34.905 [main] WARN  org.hibernate.orm.jdbc.warn - constraint "uk9yu9860k3cjx0jpqom7q3eba6" of relation "suscripciones" does not exist, skipping
2026-02-05 08:59:34.917 [main] WARN  org.hibernate.orm.jdbc.warn - HHH000247: ErrorCode: 0, SQLState: 00000
2026-02-05 08:59:34.918 [main] WARN  org.hibernate.orm.jdbc.warn - constraint "uk2uukwjdkbxrtwaobguca9tcpa" of relation "usuarios" does not exist, skipping
2026-02-05 08:59:35.516 [main] WARN  o.s.b.j.a.JpaBaseConfiguration$JpaWebConfiguration - spring.jpa.open-in-view is enabled by default. Therefore, database queries may be performed during view rendering. Explicitly configure spring.jpa.open-in-view to disable this warning
2026-02-05 08:59:35.993 [main] INFO  e.s.proyecto.ProyectoAplicacion - Started ProyectoAplicacion in 9.988 seconds (process running for 11.867)
2026-02-05 09:09:28.658 [main] INFO  e.s.proyecto.ProyectoAplicacion - Starting ProyectoAplicacion v0.0.1-SNAPSHOT using Java 25.0.1 with PID 1 (/app/app.jar started by root in /app)
2026-02-05 09:09:28.665 [main] INFO  e.s.proyecto.ProyectoAplicacion - No active profile set, falling back to 1 default profile: "default"
2026-02-05 09:09:34.062 [main] WARN  org.hibernate.orm.deprecation - HHH90000025: PostgreSQLDialect does not need to be specified explicitly using 'hibernate.dialect' (remove the property setting and it will be selected by default)
2026-02-05 09:09:34.343 [main] WARN  org.hibernate.orm.deprecation - HHH90000033: Encountered use of deprecated annotation [interface jakarta.persistence.Temporal] at edu.serviClick.proyecto.entidades.Suscripcion.fechaInicio.
2026-02-05 09:09:36.437 [main] WARN  o.s.b.j.a.JpaBaseConfiguration$JpaWebConfiguration - spring.jpa.open-in-view is enabled by default. Therefore, database queries may be performed during view rendering. Explicitly configure spring.jpa.open-in-view to disable this warning
2026-02-05 09:09:36.948 [main] INFO  e.s.proyecto.ProyectoAplicacion - Started ProyectoAplicacion in 9.561 seconds (process running for 11.776)
2026-02-05 09:11:51.978 [http-nio-8080-exec-8] INFO  e.s.p.servicios.UsuarioServicio - Iniciando registro de nuevo usuario: fdomnez53@gmail.com
2026-02-05 09:11:52.174 [http-nio-8080-exec-8] INFO  e.s.p.servicios.UsuarioServicio - Usuario registrado exitosamente en BD (Pendiente de activación): 4
2026-02-05 09:11:53.958 [http-nio-8080-exec-8] INFO  e.s.p.servicios.UsuarioServicio - Correo de confirmación enviado a: fdomnez53@gmail.com
2026-02-05 09:13:21.386 [http-nio-8080-exec-9] INFO  e.s.p.servicios.UsuarioServicio - Usuario con ID 4 eliminado exitosamente.
2026-02-05 09:39:39.569 [main] INFO  e.s.proyecto.ProyectoAplicacion - Starting ProyectoAplicacion v0.0.1-SNAPSHOT using Java 25.0.1 with PID 1 (/app/app.jar started by root in /app)
2026-02-05 09:39:39.578 [main] INFO  e.s.proyecto.ProyectoAplicacion - No active profile set, falling back to 1 default profile: "default"
2026-02-05 09:39:45.740 [main] WARN  org.hibernate.orm.deprecation - HHH90000025: PostgreSQLDialect does not need to be specified explicitly using 'hibernate.dialect' (remove the property setting and it will be selected by default)
2026-02-05 09:39:46.184 [main] WARN  org.hibernate.orm.deprecation - HHH90000033: Encountered use of deprecated annotation [interface jakarta.persistence.Temporal] at edu.serviClick.proyecto.entidades.Suscripcion.fechaInicio.
2026-02-05 09:39:49.291 [main] WARN  o.s.b.j.a.JpaBaseConfiguration$JpaWebConfiguration - spring.jpa.open-in-view is enabled by default. Therefore, database queries may be performed during view rendering. Explicitly configure spring.jpa.open-in-view to disable this warning
2026-02-05 09:39:50.006 [main] INFO  e.s.proyecto.ProyectoAplicacion - Started ProyectoAplicacion in 12.42 seconds (process running for 15.063)
