2026-02-04 16:35:54.266 [main] INFO  e.b.BackendFrontendServiclickApplication - Starting BackendFrontendServiclickApplication v0.0.1-SNAPSHOT using Java 21.0.9 with PID 1 (/app/app.jar started by root in /app)
2026-02-04 16:35:54.282 [main] INFO  e.b.BackendFrontendServiclickApplication - No active profile set, falling back to 1 default profile: "default"
2026-02-04 16:35:57.966 [main] INFO  e.b.BackendFrontendServiclickApplication - Started BackendFrontendServiclickApplication in 5.064 seconds (process running for 6.101)
2026-02-04 17:09:47.961 [main] INFO  e.b.BackendFrontendServiclickApplication - Starting BackendFrontendServiclickApplication v0.0.1-SNAPSHOT using Java 21.0.9 with PID 1 (/app/app.jar started by root in /app)
2026-02-04 17:09:47.978 [main] INFO  e.b.BackendFrontendServiclickApplication - No active profile set, falling back to 1 default profile: "default"
2026-02-04 17:09:52.018 [main] INFO  e.b.BackendFrontendServiclickApplication - Started BackendFrontendServiclickApplication in 5.577 seconds (process running for 7.127)
2026-02-04 17:27:13.526 [http-nio-8081-exec-2] INFO  e.b.controladores.UsuarioControlador - Intento de login para usuario: serviclicksoporte@gmail.com
2026-02-04 17:27:14.819 [http-nio-8081-exec-2] INFO  e.b.controladores.UsuarioControlador - Login EXITOSO para usuario: serviclicksoporte@gmail.com (ID: 1, Rol: ADMIN)
2026-02-04 18:01:56.793 [http-nio-8081-exec-7] INFO  e.b.controladores.UsuarioControlador - Intento de login para usuario: serviclicksoporte@gmail.com
2026-02-04 18:01:56.992 [http-nio-8081-exec-7] INFO  e.b.controladores.UsuarioControlador - Login EXITOSO para usuario: serviclicksoporte@gmail.com (ID: 1, Rol: ADMIN)
2026-02-04 18:02:46.018 [http-nio-8081-exec-1] INFO  e.b.controladores.UsuarioControlador - Intento de login para usuario: serviclicksoporte@gmail.com
2026-02-04 18:02:46.127 [http-nio-8081-exec-1] INFO  e.b.controladores.UsuarioControlador - Login EXITOSO para usuario: serviclicksoporte@gmail.com (ID: 1, Rol: ADMIN)
2026-02-04 18:04:29.606 [http-nio-8081-exec-1] INFO  e.b.controladores.UsuarioControlador - Intento de login para usuario: serviclicksoporte@gmail.com
2026-02-04 18:04:29.705 [http-nio-8081-exec-1] INFO  e.b.controladores.UsuarioControlador - Login EXITOSO para usuario: serviclicksoporte@gmail.com (ID: 1, Rol: ADMIN)
2026-02-04 18:04:58.171 [http-nio-8081-exec-2] INFO  e.b.controladores.UsuarioControlador - Intento de login para usuario: serviclicksoporte@gmail.com
2026-02-04 18:04:58.254 [http-nio-8081-exec-2] INFO  e.b.controladores.UsuarioControlador - Login EXITOSO para usuario: serviclicksoporte@gmail.com (ID: 1, Rol: ADMIN)
2026-02-04 18:06:33.674 [http-nio-8081-exec-6] INFO  e.b.controladores.UsuarioControlador - Intento de login para usuario: cliente@ejemplo.com
2026-02-04 18:06:33.767 [http-nio-8081-exec-6] INFO  e.b.controladores.UsuarioControlador - Login EXITOSO para usuario: cliente@ejemplo.com (ID: 3, Rol: CLIENTE)
2026-02-04 18:17:43.570 [main] INFO  e.b.BackendFrontendServiclickApplication - Starting BackendFrontendServiclickApplication v0.0.1-SNAPSHOT using Java 21.0.9 with PID 1 (/app/app.jar started by root in /app)
2026-02-04 18:17:43.583 [main] INFO  e.b.BackendFrontendServiclickApplication - No active profile set, falling back to 1 default profile: "default"
2026-02-04 18:17:47.218 [main] INFO  e.b.BackendFrontendServiclickApplication - Started BackendFrontendServiclickApplication in 4.964 seconds (process running for 6.362)
2026-02-04 18:29:40.322 [http-nio-8081-exec-5] INFO  e.b.controladores.UsuarioControlador - Intento de login para usuario: cliente@ejemplo.com
2026-02-04 18:29:42.231 [http-nio-8081-exec-5] INFO  e.b.controladores.UsuarioControlador - Login EXITOSO para usuario: cliente@ejemplo.com (ID: 3, Rol: CLIENTE)
2026-02-04 18:30:04.374 [http-nio-8081-exec-1] INFO  e.b.controladores.UsuarioControlador - Intento de login para usuario: profesional@ejemplo.com
2026-02-04 18:30:04.476 [http-nio-8081-exec-1] INFO  e.b.controladores.UsuarioControlador - Login EXITOSO para usuario: profesional@ejemplo.com (ID: 2, Rol: PROFESIONAL)
2026-02-04 18:54:00.340 [main] INFO  e.b.BackendFrontendServiclickApplication - Starting BackendFrontendServiclickApplication v0.0.1-SNAPSHOT using Java 21.0.9 with PID 1 (/app/app.jar started by root in /app)
2026-02-04 18:54:00.356 [main] INFO  e.b.BackendFrontendServiclickApplication - No active profile set, falling back to 1 default profile: "default"
2026-02-04 18:54:04.117 [main] INFO  e.b.BackendFrontendServiclickApplication - Started BackendFrontendServiclickApplication in 5.218 seconds (process running for 6.496)
2026-02-04 18:54:40.777 [http-nio-8081-exec-1] INFO  e.b.controladores.UsuarioControlador - Intento de login para usuario: serviclicksoporte@gmail.com
2026-02-04 18:54:41.913 [http-nio-8081-exec-1] INFO  e.b.controladores.UsuarioControlador - Login EXITOSO para usuario: serviclicksoporte@gmail.com (ID: 1, Rol: ADMIN)
2026-02-04 19:07:50.158 [http-nio-8081-exec-7] INFO  e.b.controladores.UsuarioControlador - Intento de login para usuario: cliente@ejemplo.com
2026-02-04 19:07:50.255 [http-nio-8081-exec-7] INFO  e.b.controladores.UsuarioControlador - Login EXITOSO para usuario: cliente@ejemplo.com (ID: 3, Rol: CLIENTE)
2026-02-04 19:09:36.852 [main] INFO  e.b.BackendFrontendServiclickApplication - Starting BackendFrontendServiclickApplication v0.0.1-SNAPSHOT using Java 21.0.9 with PID 1 (/app/app.jar started by root in /app)
2026-02-04 19:09:36.868 [main] INFO  e.b.BackendFrontendServiclickApplication - No active profile set, falling back to 1 default profile: "default"
2026-02-04 19:09:40.715 [main] INFO  e.b.BackendFrontendServiclickApplication - Started BackendFrontendServiclickApplication in 5.295 seconds (process running for 6.497)
2026-02-04 19:11:22.784 [http-nio-8081-exec-5] INFO  e.b.controladores.UsuarioControlador - Intento de login para usuario: cliente@ejemplo.com
2026-02-04 19:11:23.919 [http-nio-8081-exec-5] INFO  e.b.controladores.UsuarioControlador - Login EXITOSO para usuario: cliente@ejemplo.com (ID: 3, Rol: CLIENTE)
2026-02-04 20:18:06.970 [main] INFO  e.b.BackendFrontendServiclickApplication - Starting BackendFrontendServiclickApplication v0.0.1-SNAPSHOT using Java 21.0.9 with PID 1 (/app/app.jar started by root in /app)
2026-02-04 20:18:06.985 [main] INFO  e.b.BackendFrontendServiclickApplication - No active profile set, falling back to 1 default profile: "default"
2026-02-04 20:18:10.500 [main] INFO  e.b.BackendFrontendServiclickApplication - Started BackendFrontendServiclickApplication in 4.968 seconds (process running for 6.182)
2026-02-04 20:26:48.542 [http-nio-8081-exec-8] INFO  e.b.controladores.UsuarioControlador - Intento de login para usuario: serviclicksoporte@gmail.com
2026-02-04 20:26:49.307 [http-nio-8081-exec-8] INFO  e.b.controladores.UsuarioControlador - Login EXITOSO para usuario: serviclicksoporte@gmail.com (ID: 1, Rol: ADMIN)
2026-02-04 20:31:31.040 [main] INFO  e.b.BackendFrontendServiclickApplication - Starting BackendFrontendServiclickApplication v0.0.1-SNAPSHOT using Java 21.0.9 with PID 1 (/app/app.jar started by root in /app)
2026-02-04 20:31:31.059 [main] INFO  e.b.BackendFrontendServiclickApplication - No active profile set, falling back to 1 default profile: "default"
2026-02-04 20:31:34.905 [main] INFO  e.b.BackendFrontendServiclickApplication - Started BackendFrontendServiclickApplication in 5.256 seconds (process running for 6.676)
2026-02-04 20:36:32.954 [http-nio-8081-exec-9] INFO  e.b.controladores.UsuarioControlador - Intento de login para usuario: serviclicksoporte@gmail.com
2026-02-04 20:36:33.070 [http-nio-8081-exec-9] INFO  e.b.controladores.UsuarioControlador - Login EXITOSO para usuario: serviclicksoporte@gmail.com (ID: 1, Rol: ADMIN)
2026-02-04 21:21:12.409 [main] INFO  e.b.BackendFrontendServiclickApplication - Starting BackendFrontendServiclickApplication v0.0.1-SNAPSHOT using Java 21.0.9 with PID 1 (/app/app.jar started by root in /app)
2026-02-04 21:21:12.426 [main] INFO  e.b.BackendFrontendServiclickApplication - No active profile set, falling back to 1 default profile: "default"
2026-02-04 21:21:16.042 [main] INFO  e.b.BackendFrontendServiclickApplication - Started BackendFrontendServiclickApplication in 4.893 seconds (process running for 6.106)
2026-02-04 21:21:52.192 [http-nio-8081-exec-4] INFO  e.b.controladores.UsuarioControlador - Intento de login para usuario: cliente@ejemplo.com
2026-02-04 21:21:52.324 [http-nio-8081-exec-4] INFO  e.b.controladores.UsuarioControlador - Login EXITOSO para usuario: cliente@ejemplo.com (ID: 3, Rol: CLIENTE)
2026-02-04 21:23:31.940 [main] INFO  e.b.BackendFrontendServiclickApplication - Starting BackendFrontendServiclickApplication v0.0.1-SNAPSHOT using Java 21.0.9 with PID 1 (/app/app.jar started by root in /app)
2026-02-04 21:23:31.955 [main] INFO  e.b.BackendFrontendServiclickApplication - No active profile set, falling back to 1 default profile: "default"
2026-02-04 21:23:35.594 [main] INFO  e.b.BackendFrontendServiclickApplication - Started BackendFrontendServiclickApplication in 4.998 seconds (process running for 6.261)
2026-02-04 21:24:36.661 [http-nio-8081-exec-5] INFO  e.b.controladores.UsuarioControlador - Intento de login para usuario: cliente@ejemplo.com
2026-02-04 21:24:36.798 [http-nio-8081-exec-5] INFO  e.b.controladores.UsuarioControlador - Login EXITOSO para usuario: cliente@ejemplo.com (ID: 3, Rol: CLIENTE)
2026-02-04 21:25:12.951 [http-nio-8081-exec-9] INFO  e.b.controladores.UsuarioControlador - Intento de login para usuario: profesional@ejemplo.com
2026-02-04 21:25:13.043 [http-nio-8081-exec-9] INFO  e.b.controladores.UsuarioControlador - Login EXITOSO para usuario: profesional@ejemplo.com (ID: 2, Rol: PROFESIONAL)
2026-02-04 21:31:04.353 [main] INFO  e.b.BackendFrontendServiclickApplication - Starting BackendFrontendServiclickApplication v0.0.1-SNAPSHOT using Java 21.0.9 with PID 1 (/app/app.jar started by root in /app)
2026-02-04 21:31:04.370 [main] INFO  e.b.BackendFrontendServiclickApplication - No active profile set, falling back to 1 default profile: "default"
2026-02-04 21:31:07.865 [main] INFO  e.b.BackendFrontendServiclickApplication - Started BackendFrontendServiclickApplication in 4.985 seconds (process running for 6.127)
2026-02-05 07:23:01.853 [main] INFO  e.b.BackendFrontendServiclickApplication - Starting BackendFrontendServiclickApplication v0.0.1-SNAPSHOT using Java 21.0.9 with PID 1 (/app/app.jar started by root in /app)
2026-02-05 07:23:01.867 [main] INFO  e.b.BackendFrontendServiclickApplication - No active profile set, falling back to 1 default profile: "default"
2026-02-05 07:23:05.472 [main] INFO  e.b.BackendFrontendServiclickApplication - Started BackendFrontendServiclickApplication in 4.885 seconds (process running for 6.332)
2026-02-05 07:23:35.142 [http-nio-8081-exec-10] INFO  e.b.controladores.UsuarioControlador - Intento de login para usuario: cliente@ejemplo.com
2026-02-05 07:23:36.104 [http-nio-8081-exec-10] INFO  e.b.controladores.UsuarioControlador - Login EXITOSO para usuario: cliente@ejemplo.com (ID: 6, Rol: CLIENTE)
2026-02-05 07:24:47.734 [main] INFO  e.b.BackendFrontendServiclickApplication - Starting BackendFrontendServiclickApplication v0.0.1-SNAPSHOT using Java 21.0.9 with PID 1 (/app/app.jar started by root in /app)
2026-02-05 07:24:47.752 [main] INFO  e.b.BackendFrontendServiclickApplication - No active profile set, falling back to 1 default profile: "default"
2026-02-05 07:24:51.812 [main] INFO  e.b.BackendFrontendServiclickApplication - Started BackendFrontendServiclickApplication in 5.225 seconds (process running for 6.865)
2026-02-05 07:28:22.459 [main] INFO  e.b.BackendFrontendServiclickApplication - Starting BackendFrontendServiclickApplication v0.0.1-SNAPSHOT using Java 21.0.9 with PID 1 (/app/app.jar started by root in /app)
2026-02-05 07:28:22.485 [main] INFO  e.b.BackendFrontendServiclickApplication - No active profile set, falling back to 1 default profile: "default"
2026-02-05 07:28:26.401 [main] INFO  e.b.BackendFrontendServiclickApplication - Started BackendFrontendServiclickApplication in 5.492 seconds (process running for 7.25)
2026-02-05 07:29:11.250 [http-nio-8081-exec-9] INFO  e.b.controladores.UsuarioControlador - Intento de login para usuario: profesional@ejemplo.com
2026-02-05 07:29:11.400 [http-nio-8081-exec-9] INFO  e.b.controladores.UsuarioControlador - Login EXITOSO para usuario: profesional@ejemplo.com (ID: 2, Rol: PROFESIONAL)
2026-02-05 07:49:18.375 [http-nio-8081-exec-2] INFO  e.b.controladores.UsuarioControlador - Intento de login para usuario: fdomnez53@gmail.com
2026-02-05 07:49:18.387 [http-nio-8081-exec-2] WARN  e.b.controladores.UsuarioControlador - Login fallido: Cuenta no activada para fdomnez53@gmail.com
2026-02-05 07:49:24.707 [http-nio-8081-exec-4] INFO  e.b.controladores.UsuarioControlador - Intento de login para usuario: fdomnez53@gmail.com
2026-02-05 07:49:24.718 [http-nio-8081-exec-4] WARN  e.b.controladores.UsuarioControlador - Login fallido: Cuenta no activada para fdomnez53@gmail.com
2026-02-05 07:49:36.387 [http-nio-8081-exec-9] INFO  e.b.controladores.UsuarioControlador - Intento de login para usuario: fdomnez53@gmail.com
2026-02-05 07:49:36.505 [http-nio-8081-exec-9] INFO  e.b.controladores.UsuarioControlador - Login EXITOSO para usuario: fdomnez53@gmail.com (ID: 4, Rol: CLIENTE)
2026-02-05 07:51:59.474 [http-nio-8081-exec-9] INFO  e.b.controladores.UsuarioControlador - Intento de login para usuario: fdomnez53@gmail.com
2026-02-05 07:51:59.575 [http-nio-8081-exec-9] WARN  e.b.controladores.UsuarioControlador - Login fallido: Credenciales incorrectas para fdomnez53@gmail.com
2026-02-05 07:52:03.603 [http-nio-8081-exec-7] INFO  e.b.controladores.UsuarioControlador - Intento de login para usuario: fdomnez53@gmail.com
2026-02-05 07:52:03.703 [http-nio-8081-exec-7] INFO  e.b.controladores.UsuarioControlador - Login EXITOSO para usuario: fdomnez53@gmail.com (ID: 4, Rol: CLIENTE)
2026-02-05 07:52:44.692 [http-nio-8081-exec-1] INFO  e.b.controladores.UsuarioControlador - Intento de login para usuario: fdomnez53@gmail.com
2026-02-05 07:52:44.797 [http-nio-8081-exec-1] WARN  e.b.controladores.UsuarioControlador - Login fallido: Credenciales incorrectas para fdomnez53@gmail.com
2026-02-05 07:52:47.221 [http-nio-8081-exec-2] INFO  e.b.controladores.UsuarioControlador - Intento de login para usuario: fdomnez53@gmail.com
2026-02-05 07:52:47.328 [http-nio-8081-exec-2] INFO  e.b.controladores.UsuarioControlador - Login EXITOSO para usuario: fdomnez53@gmail.com (ID: 4, Rol: CLIENTE)
2026-02-05 07:53:39.425 [http-nio-8081-exec-6] INFO  e.b.controladores.UsuarioControlador - Intento de login para usuario: profesional@ejemplo.com
2026-02-05 07:53:39.532 [http-nio-8081-exec-6] INFO  e.b.controladores.UsuarioControlador - Login EXITOSO para usuario: profesional@ejemplo.com (ID: 2, Rol: PROFESIONAL)
2026-02-05 07:54:06.469 [http-nio-8081-exec-2] INFO  e.b.controladores.UsuarioControlador - Intento de login para usuario: cliente@ejemplo.com
2026-02-05 07:54:06.573 [http-nio-8081-exec-2] INFO  e.b.controladores.UsuarioControlador - Login EXITOSO para usuario: cliente@ejemplo.com (ID: 3, Rol: CLIENTE)
2026-02-05 08:17:06.933 [main] INFO  e.b.BackendFrontendServiclickApplication - Starting BackendFrontendServiclickApplication v0.0.1-SNAPSHOT using Java 21.0.9 with PID 1 (/app/app.jar started by root in /app)
2026-02-05 08:17:06.956 [main] INFO  e.b.BackendFrontendServiclickApplication - No active profile set, falling back to 1 default profile: "default"
2026-02-05 08:17:11.090 [main] INFO  e.b.BackendFrontendServiclickApplication - Started BackendFrontendServiclickApplication in 5.248 seconds (process running for 7.515)
2026-02-05 08:36:52.215 [main] INFO  e.b.BackendFrontendServiclickApplication - Starting BackendFrontendServiclickApplication v0.0.1-SNAPSHOT using Java 21.0.9 with PID 1 (/app/app.jar started by root in /app)
2026-02-05 08:36:52.227 [main] INFO  e.b.BackendFrontendServiclickApplication - No active profile set, falling back to 1 default profile: "default"
2026-02-05 08:36:56.670 [main] INFO  e.b.BackendFrontendServiclickApplication - Started BackendFrontendServiclickApplication in 5.74 seconds (process running for 8.102)
2026-02-05 08:37:52.651 [http-nio-8081-exec-6] INFO  e.b.controladores.UsuarioControlador - Intento de login para usuario: profesional@ejemplo.com
2026-02-05 08:37:53.663 [http-nio-8081-exec-6] INFO  e.b.controladores.UsuarioControlador - Login EXITOSO para usuario: profesional@ejemplo.com (ID: 2, Rol: PROFESIONAL)
2026-02-05 08:39:20.090 [http-nio-8081-exec-4] INFO  e.b.controladores.UsuarioControlador - Intento de login para usuario: cliente@ejemplo.com
2026-02-05 08:39:20.210 [http-nio-8081-exec-4] INFO  e.b.controladores.UsuarioControlador - Login EXITOSO para usuario: cliente@ejemplo.com (ID: 3, Rol: CLIENTE)
2026-02-05 08:42:46.154 [main] INFO  e.b.BackendFrontendServiclickApplication - Starting BackendFrontendServiclickApplication v0.0.1-SNAPSHOT using Java 21.0.9 with PID 1 (/app/app.jar started by root in /app)
2026-02-05 08:42:46.177 [main] INFO  e.b.BackendFrontendServiclickApplication - No active profile set, falling back to 1 default profile: "default"
2026-02-05 08:42:50.171 [main] INFO  e.b.BackendFrontendServiclickApplication - Started BackendFrontendServiclickApplication in 5.47 seconds (process running for 7.23)
2026-02-05 08:44:35.565 [http-nio-8081-exec-3] INFO  e.b.controladores.UsuarioControlador - Intento de login para usuario: cliente@ejemplo.com
2026-02-05 08:44:35.724 [http-nio-8081-exec-3] INFO  e.b.controladores.UsuarioControlador - Login EXITOSO para usuario: cliente@ejemplo.com (ID: 3, Rol: CLIENTE)
2026-02-05 08:47:58.068 [main] INFO  e.b.BackendFrontendServiclickApplication - Starting BackendFrontendServiclickApplication v0.0.1-SNAPSHOT using Java 21.0.9 with PID 1 (/app/app.jar started by root in /app)
2026-02-05 08:47:58.085 [main] INFO  e.b.BackendFrontendServiclickApplication - No active profile set, falling back to 1 default profile: "default"
2026-02-05 08:48:03.020 [main] INFO  e.b.BackendFrontendServiclickApplication - Started BackendFrontendServiclickApplication in 6.582 seconds (process running for 8.839)
2026-02-05 08:48:46.492 [http-nio-8081-exec-7] INFO  e.b.controladores.UsuarioControlador - Intento de login para usuario: cliente@ejemplo.com
2026-02-05 08:48:47.311 [http-nio-8081-exec-7] INFO  e.b.controladores.UsuarioControlador - Login EXITOSO para usuario: cliente@ejemplo.com (ID: 3, Rol: CLIENTE)
2026-02-05 08:49:26.026 [http-nio-8081-exec-1] INFO  e.b.controladores.UsuarioControlador - Intento de login para usuario: serviclicksoporte@gmail.com
2026-02-05 08:49:26.136 [http-nio-8081-exec-1] INFO  e.b.controladores.UsuarioControlador - Login EXITOSO para usuario: serviclicksoporte@gmail.com (ID: 1, Rol: ADMIN)
2026-02-05 08:52:16.292 [main] INFO  e.b.BackendFrontendServiclickApplication - Starting BackendFrontendServiclickApplication v0.0.1-SNAPSHOT using Java 21.0.9 with PID 1 (/app/app.jar started by root in /app)
2026-02-05 08:52:16.319 [main] INFO  e.b.BackendFrontendServiclickApplication - No active profile set, falling back to 1 default profile: "default"
2026-02-05 08:52:20.569 [main] INFO  e.b.BackendFrontendServiclickApplication - Started BackendFrontendServiclickApplication in 5.623 seconds (process running for 7.346)
2026-02-05 08:52:40.773 [http-nio-8081-exec-6] INFO  e.b.controladores.UsuarioControlador - Intento de login para usuario: serviclicksoporte@gmail.com
2026-02-05 08:52:41.854 [http-nio-8081-exec-6] INFO  e.b.controladores.UsuarioControlador - Login EXITOSO para usuario: serviclicksoporte@gmail.com (ID: 1, Rol: ADMIN)
2026-02-05 08:54:09.332 [main] INFO  e.b.BackendFrontendServiclickApplication - Starting BackendFrontendServiclickApplication v0.0.1-SNAPSHOT using Java 21.0.9 with PID 1 (/app/app.jar started by root in /app)
2026-02-05 08:54:09.365 [main] INFO  e.b.BackendFrontendServiclickApplication - No active profile set, falling back to 1 default profile: "default"
2026-02-05 08:54:13.517 [main] INFO  e.b.BackendFrontendServiclickApplication - Started BackendFrontendServiclickApplication in 5.746 seconds (process running for 7.378)
2026-02-05 08:55:55.808 [http-nio-8081-exec-8] INFO  e.b.controladores.UsuarioControlador - Intento de login para usuario: serviclicksoporte@gmail.com
2026-02-05 08:55:56.976 [http-nio-8081-exec-8] INFO  e.b.controladores.UsuarioControlador - Login EXITOSO para usuario: serviclicksoporte@gmail.com (ID: 1, Rol: ADMIN)
2026-02-05 08:59:28.308 [main] INFO  e.b.BackendFrontendServiclickApplication - Starting BackendFrontendServiclickApplication v0.0.1-SNAPSHOT using Java 21.0.9 with PID 1 (/app/app.jar started by root in /app)
2026-02-05 08:59:28.316 [main] INFO  e.b.BackendFrontendServiclickApplication - No active profile set, falling back to 1 default profile: "default"
2026-02-05 08:59:32.222 [main] INFO  e.b.BackendFrontendServiclickApplication - Started BackendFrontendServiclickApplication in 5.601 seconds (process running for 7.494)
2026-02-05 09:00:41.837 [http-nio-8081-exec-2] INFO  e.b.controladores.UsuarioControlador - Intento de login para usuario: serviclicksoporte@gmail.com
2026-02-05 09:00:42.921 [http-nio-8081-exec-2] INFO  e.b.controladores.UsuarioControlador - Login EXITOSO para usuario: serviclicksoporte@gmail.com (ID: 1, Rol: ADMIN)
2026-02-05 09:09:29.068 [main] INFO  e.b.BackendFrontendServiclickApplication - Starting BackendFrontendServiclickApplication v0.0.1-SNAPSHOT using Java 21.0.9 with PID 1 (/app/app.jar started by root in /app)
2026-02-05 09:09:29.096 [main] INFO  e.b.BackendFrontendServiclickApplication - No active profile set, falling back to 1 default profile: "default"
2026-02-05 09:09:33.180 [main] INFO  e.b.BackendFrontendServiclickApplication - Started BackendFrontendServiclickApplication in 5.317 seconds (process running for 7.065)
2026-02-05 09:10:03.007 [http-nio-8081-exec-6] INFO  e.b.controladores.UsuarioControlador - Intento de login para usuario: serviclicksoporte@gmail.com
2026-02-05 09:10:04.032 [http-nio-8081-exec-6] INFO  e.b.controladores.UsuarioControlador - Login EXITOSO para usuario: serviclicksoporte@gmail.com (ID: 1, Rol: ADMIN)
2026-02-05 09:12:03.182 [http-nio-8081-exec-5] INFO  e.b.controladores.UsuarioControlador - Intento de login para usuario: fdomnez53@gmail.com
2026-02-05 09:12:03.195 [http-nio-8081-exec-5] WARN  e.b.controladores.UsuarioControlador - Login fallido: Cuenta no activada para fdomnez53@gmail.com
2026-02-05 09:12:25.859 [http-nio-8081-exec-10] INFO  e.b.controladores.UsuarioControlador - Intento de login para usuario: fdomnez53@gmail.com
2026-02-05 09:12:25.967 [http-nio-8081-exec-10] INFO  e.b.controladores.UsuarioControlador - Login EXITOSO para usuario: fdomnez53@gmail.com (ID: 4, Rol: CLIENTE)
2026-02-05 09:13:05.082 [http-nio-8081-exec-10] INFO  e.b.controladores.UsuarioControlador - Intento de login para usuario: serviclicksoporte@gmail.com
2026-02-05 09:13:05.192 [http-nio-8081-exec-10] INFO  e.b.controladores.UsuarioControlador - Login EXITOSO para usuario: serviclicksoporte@gmail.com (ID: 1, Rol: ADMIN)
2026-02-05 09:33:52.381 [http-nio-8081-exec-6] INFO  e.b.controladores.UsuarioControlador - Intento de login para usuario: profesional@ejemplo.com
2026-02-05 09:33:52.518 [http-nio-8081-exec-6] INFO  e.b.controladores.UsuarioControlador - Login EXITOSO para usuario: profesional@ejemplo.com (ID: 2, Rol: PROFESIONAL)
2026-02-05 09:39:39.221 [main] INFO  e.b.BackendFrontendServiclickApplication - Starting BackendFrontendServiclickApplication v0.0.1-SNAPSHOT using Java 21.0.9 with PID 1 (/app/app.jar started by root in /app)
2026-02-05 09:39:39.239 [main] INFO  e.b.BackendFrontendServiclickApplication - No active profile set, falling back to 1 default profile: "default"
2026-02-05 09:39:43.527 [main] INFO  e.b.BackendFrontendServiclickApplication - Started BackendFrontendServiclickApplication in 5.55 seconds (process running for 7.795)
2026-02-05 09:47:37.101 [http-nio-8081-exec-9] INFO  e.b.controladores.UsuarioControlador - Intento de login para usuario: cliente@ejemplo.com
2026-02-05 09:47:38.425 [http-nio-8081-exec-9] INFO  e.b.controladores.UsuarioControlador - Login EXITOSO para usuario: cliente@ejemplo.com (ID: 3, Rol: CLIENTE)
2026-02-05 10:18:06.986 [http-nio-8081-exec-5] INFO  e.b.controladores.UsuarioControlador - Intento de login para usuario: profesional@ejemplo.com
2026-02-05 10:18:07.120 [http-nio-8081-exec-5] INFO  e.b.controladores.UsuarioControlador - Login EXITOSO para usuario: profesional@ejemplo.com (ID: 2, Rol: PROFESIONAL)
